#
# There is insufficient memory for the Java Runtime Environment to continue.
# Native memory allocation (mmap) failed to map 67108864 bytes for G1 virtual space
# Possible reasons:
#   The system is out of physical RAM or swap space
#   The process is running with CompressedOops enabled, and the Java Heap may be blocking the growth of the native heap
# Possible solutions:
#   Reduce memory load on the system
#   Increase physical memory or swap space
#   Check if swap backing store is full
#   Decrease Java heap size (-Xmx/-Xms)
#   Decrease number of Java threads
#   Decrease Java thread stack sizes (-Xss)
#   Set larger code cache with -XX:ReservedCodeCacheSize=
#   JVM is running with Unscaled Compressed Oops mode in which the Java heap is
#     placed in the first 4GB address space. The Java Heap base address is the
#     maximum limit for the native heap growth. Please use -XX:HeapBaseMinAddress
#     to set the Java Heap base and to place the Java Heap above 4GB virtual address.
# This output file may be truncated or incomplete.
#
#  Out of Memory Error (os_windows.cpp:3617), pid=25144, tid=19676
#
# JRE version:  (17.0.8+7) (build )
# Java VM: OpenJDK 64-Bit Server VM (17.0.8+7-LTS, mixed mode, sharing, tiered, compressed oops, compressed class ptrs, g1 gc, windows-amd64)
# No core dump will be written. Minidumps are not enabled by default on client versions of Windows
#

---------------  S U M M A R Y ------------

Command Line: -Xmx64m -Xms64m -Dorg.gradle.appname=gradlew org.gradle.wrapper.GradleWrapperMain app:installDebug -PreactNativeDevServerPort=8081

Host: AMD Ryzen 5 5500U with Radeon Graphics         , 12 cores, 5G,  Windows 11 , 64 bit Build 22621 (10.0.22621.3374)
Time: Tue Apr  2 17:27:38 2024 India Standard Time elapsed time: 0.133649 seconds (0d 0h 0m 0s)

---------------  T H R E A D  ---------------

Current thread (0x000001960bcc3a60):  JavaThread "Unknown thread" [_thread_in_vm, id=19676, stack(0x000000358e900000,0x000000358ea00000)]

Stack: [0x000000358e900000,0x000000358ea00000]
Native frames: (J=compiled Java code, j=interpreted, Vv=VM code, C=native code)
V  [jvm.dll+0x67bf3a]
V  [jvm.dll+0x83a024]
V  [jvm.dll+0x83b7ce]
V  [jvm.dll+0x83be33]
V  [jvm.dll+0x24785f]
V  [jvm.dll+0x678cb9]
V  [jvm.dll+0x66d54a]
V  [jvm.dll+0x308feb]
V  [jvm.dll+0x310496]
V  [jvm.dll+0x36019e]
V  [jvm.dll+0x3603cf]
V  [jvm.dll+0x2dff38]
V  [jvm.dll+0x2e0ea4]
V  [jvm.dll+0x80bca1]
V  [jvm.dll+0x36df61]
V  [jvm.dll+0x7eafac]
V  [jvm.dll+0x3f0c8f]
V  [jvm.dll+0x3f28a1]
C  [jli.dll+0x528f]
C  [ucrtbase.dll+0x29333]
C  [KERNEL32.DLL+0x1257d]
C  [ntdll.dll+0x5aa48]


---------------  P R O C E S S  ---------------

Threads class SMR info:
_java_thread_list=0x00007ffc0c403058, length=0, elements={
}

Java Threads: ( => current thread )

Other Threads:
  0x000001960bce39d0 GCTaskThread "GC Thread#0" [stack: 0x000000358ea00000,0x000000358eb00000] [id=24780]
  0x000001960bce66e0 ConcurrentGCThread "G1 Main Marker" [stack: 0x000000358eb00000,0x000000358ec00000] [id=5364]
  0x000001960bce6f00 ConcurrentGCThread "G1 Conc#0" [stack: 0x000000358ec00000,0x000000358ed00000] [id=24376]

[error occurred during error reporting (printing all threads), id 0xc0000005, EXCEPTION_ACCESS_VIOLATION (0xc0000005) at pc=0x00007ffc0bbc0927]

VM state: not at safepoint (not fully initialized)

VM Mutex/Monitor currently owned by a thread:  ([mutex/lock_event])
[0x000001960bcbcf80] Heap_lock - owner thread: 0x000001960bcc3a60

Heap address: 0x00000000fc000000, size: 64 MB, Compressed Oops mode: 32-bit

CDS archive(s) mapped at: [0x0000000000000000-0x0000000000000000-0x0000000000000000), size 0, SharedBaseAddress: 0x0000000800000000, ArchiveRelocationMode: 1.
Narrow klass base: 0x0000000000000000, Narrow klass shift: 0, Narrow klass range: 0x0

GC Precious Log:
<Empty>

Heap:
 garbage-first heap   total 0K, used 0K [0x00000000fc000000, 0x0000000100000000)
  region size 1024K, 0 young (0K), 0 survivors (0K)

[error occurred during error reporting (printing heap information), id 0xc0000005, EXCEPTION_ACCESS_VIOLATION (0xc0000005) at pc=0x00007ffc0bfa5fc9]

GC Heap History (0 events):
No events

Dll operation events (1 events):
Event: 0.063 Loaded shared library C:\Program Files\Microsoft\jdk-17.0.8.7-hotspot\bin\java.dll

Deoptimization events (0 events):
No events

Classes unloaded (0 events):
No events

Classes redefined (0 events):
No events

Internal exceptions (0 events):
No events

VM Operations (0 events):
No events

Events (0 events):
No events


Dynamic libraries:
0x00007ff722f50000 - 0x00007ff722f5e000 	C:\Program Files\Microsoft\jdk-17.0.8.7-hotspot\bin\java.exe
0x00007ffca8ab0000 - 0x00007ffca8cc6000 	C:\WINDOWS\SYSTEM32\ntdll.dll
0x00007ffca8110000 - 0x00007ffca81d4000 	C:\WINDOWS\System32\KERNEL32.DLL
0x00007ffca6380000 - 0x00007ffca6727000 	C:\WINDOWS\System32\KERNELBASE.dll
0x00007ffca5e90000 - 0x00007ffca5fa1000 	C:\WINDOWS\System32\ucrtbase.dll
0x00007ffc844e0000 - 0x00007ffc844fb000 	C:\Program Files\Microsoft\jdk-17.0.8.7-hotspot\bin\VCRUNTIME140.dll
0x00007ffc831c0000 - 0x00007ffc831d7000 	C:\Program Files\Microsoft\jdk-17.0.8.7-hotspot\bin\jli.dll
0x00007ffca87d0000 - 0x00007ffca897e000 	C:\WINDOWS\System32\USER32.dll
0x00007ffca6190000 - 0x00007ffca61b6000 	C:\WINDOWS\System32\win32u.dll
0x00007ffca6930000 - 0x00007ffca6959000 	C:\WINDOWS\System32\GDI32.dll
0x00007ffca6260000 - 0x00007ffca6379000 	C:\WINDOWS\System32\gdi32full.dll
0x00007ffca61c0000 - 0x00007ffca625a000 	C:\WINDOWS\System32\msvcp_win.dll
0x00007ffc88940000 - 0x00007ffc88bd3000 	C:\WINDOWS\WinSxS\amd64_microsoft.windows.common-controls_6595b64144ccf1df_6.0.22621.3235_none_270f74e173860f98\COMCTL32.dll
0x00007ffca8720000 - 0x00007ffca87c7000 	C:\WINDOWS\System32\msvcrt.dll
0x00007ffca86c0000 - 0x00007ffca86f1000 	C:\WINDOWS\System32\IMM32.DLL
0x00007ffc99aa0000 - 0x00007ffc99aac000 	C:\Program Files\Microsoft\jdk-17.0.8.7-hotspot\bin\vcruntime140_1.dll
0x00007ffc40380000 - 0x00007ffc4040d000 	C:\Program Files\Microsoft\jdk-17.0.8.7-hotspot\bin\msvcp140.dll
0x00007ffc0b8d0000 - 0x00007ffc0c535000 	C:\Program Files\Microsoft\jdk-17.0.8.7-hotspot\bin\server\jvm.dll
0x00007ffca77f0000 - 0x00007ffca78a2000 	C:\WINDOWS\System32\ADVAPI32.dll
0x00007ffca6ac0000 - 0x00007ffca6b68000 	C:\WINDOWS\System32\sechost.dll
0x00007ffca6730000 - 0x00007ffca6758000 	C:\WINDOWS\System32\bcrypt.dll
0x00007ffca76d0000 - 0x00007ffca77e5000 	C:\WINDOWS\System32\RPCRT4.dll
0x00007ffca5ca0000 - 0x00007ffca5ced000 	C:\WINDOWS\SYSTEM32\POWRPROF.dll
0x00007ffc9e740000 - 0x00007ffc9e774000 	C:\WINDOWS\SYSTEM32\WINMM.dll
0x00007ffc9e840000 - 0x00007ffc9e84a000 	C:\WINDOWS\SYSTEM32\VERSION.dll
0x00007ffc8e6e0000 - 0x00007ffc8e6e9000 	C:\WINDOWS\SYSTEM32\WSOCK32.dll
0x00007ffca6ff0000 - 0x00007ffca7061000 	C:\WINDOWS\System32\ws2_32.DLL
0x00007ffca5bd0000 - 0x00007ffca5be3000 	C:\WINDOWS\SYSTEM32\UMPDC.dll
0x00007ffca4e20000 - 0x00007ffca4e38000 	C:\WINDOWS\SYSTEM32\kernel.appcore.dll
0x00007ffc84770000 - 0x00007ffc8477a000 	C:\Program Files\Microsoft\jdk-17.0.8.7-hotspot\bin\jimage.dll
0x00007ffca3850000 - 0x00007ffca3a83000 	C:\WINDOWS\SYSTEM32\DBGHELP.DLL
0x00007ffca7070000 - 0x00007ffca73f8000 	C:\WINDOWS\System32\combase.dll
0x00007ffca85e0000 - 0x00007ffca86b7000 	C:\WINDOWS\System32\OLEAUT32.dll
0x00007ffc93390000 - 0x00007ffc933c2000 	C:\WINDOWS\SYSTEM32\dbgcore.DLL
0x00007ffca6760000 - 0x00007ffca67d9000 	C:\WINDOWS\System32\bcryptPrimitives.dll
0x00007ffc7ae60000 - 0x00007ffc7ae85000 	C:\Program Files\Microsoft\jdk-17.0.8.7-hotspot\bin\java.dll

dbghelp: loaded successfully - version: 4.0.5 - missing functions: none
symbol engine: initialized successfully - sym options: 0x614 - pdb path: .;C:\Program Files\Microsoft\jdk-17.0.8.7-hotspot\bin;C:\WINDOWS\SYSTEM32;C:\WINDOWS\WinSxS\amd64_microsoft.windows.common-controls_6595b64144ccf1df_6.0.22621.3235_none_270f74e173860f98;C:\Program Files\Microsoft\jdk-17.0.8.7-hotspot\bin\server

VM Arguments:
jvm_args: -Xmx64m -Xms64m -Dorg.gradle.appname=gradlew 
java_command: org.gradle.wrapper.GradleWrapperMain app:installDebug -PreactNativeDevServerPort=8081
java_class_path (initial): D:\work\onemonth\native\deco\android\\gradle\wrapper\gradle-wrapper.jar
Launcher Type: SUN_STANDARD

[Global flags]
     intx CICompilerCount                          = 4                                         {product} {ergonomic}
     uint ConcGCThreads                            = 3                                         {product} {ergonomic}
     uint G1ConcRefinementThreads                  = 10                                        {product} {ergonomic}
   size_t G1HeapRegionSize                         = 1048576                                   {product} {ergonomic}
    uintx GCDrainStackTargetSize                   = 64                                        {product} {ergonomic}
   size_t InitialHeapSize                          = 67108864                                  {product} {command line}
   size_t MarkStackSize                            = 4194304                                   {product} {ergonomic}
   size_t MaxHeapSize                              = 67108864                                  {product} {command line}
   size_t MinHeapDeltaBytes                        = 1048576                                   {product} {ergonomic}
   size_t MinHeapSize                              = 67108864                                  {product} {command line}
    uintx NonNMethodCodeHeapSize                   = 5839372                                {pd product} {ergonomic}
    uintx NonProfiledCodeHeapSize                  = 122909434                              {pd product} {ergonomic}
    uintx ProfiledCodeHeapSize                     = 122909434                              {pd product} {ergonomic}
    uintx ReservedCodeCacheSize                    = 251658240                              {pd product} {ergonomic}
     bool SegmentedCodeCache                       = true                                      {product} {ergonomic}
   size_t SoftMaxHeapSize                          = 67108864                               {manageable} {ergonomic}
     bool UseCompressedClassPointers               = true                           {product lp64_product} {ergonomic}
     bool UseCompressedOops                        = true                           {product lp64_product} {ergonomic}
     bool UseG1GC                                  = true                                      {product} {ergonomic}
     bool UseLargePagesIndividualAllocation        = false                                  {pd product} {ergonomic}

Logging:
Log output configuration:
 #0: stdout all=warning uptime,level,tags
 #1: stderr all=off uptime,level,tags

Environment Variables:
JAVA_HOME=C:\Program Files\Microsoft\jdk-17.0.8.7-hotspot\
CLASSPATH=D:\work\onemonth\native\deco\android\\gradle\wrapper\gradle-wrapper.jar
PATH=D:\work\onemonth\native\deco\node_modules\.bin;D:\work\onemonth\native\deco\node_modules\.bin;D:\work\onemonth\native\node_modules\.bin;D:\work\onemonth\node_modules\.bin;D:\work\node_modules\.bin;D:\node_modules\.bin;C:\Users\amalk\AppData\Roaming\npm\node_modules\npm\node_modules\@npmcli\run-script\lib\node-gyp-bin;C:\Program Files\Microsoft\jdk-17.0.8.7-hotspot\bin;C:\Program Files\Microsoft\jdk-11.0.20.8-hotspot\bin;C:\Program Files\Common Files\Oracle\Java\javapath;C:\Program Files (x86)\Common Files\Oracle\Java\javapath;C:\WINDOWS\system32;C:\WINDOWS;C:\WINDOWS\System32\Wbem;C:\WINDOWS\System32\WindowsPowerShell\v1.0\;C:\WINDOWS\System32\OpenSSH\;C:\Users\amalk\Downloads\mingw-w64-bin_x86_64-mingw_20111101_sezero\mingw64\bin;C:\Program Files\Git\cmd;C:\ProgramData\chocolatey\bin;C:\Program Files\PostgreSQL\16\bin;C:\Program Files\Microsoft\jdk-17.0.8.7-hotspot\\bin;C:\Program Files\nodejs\;C:\Users\amalk\AppData\Local\Programs\Python\Python311\Scripts\;C:\Users\amalk\AppData\Local\Programs\Python\Python311\;C:\Users\amalk\AppData\Local\Microsoft\WindowsApps;;C:\Users\amalk\AppData\Local\Programs\Microsoft VS Code\bin;C:\Users\amalk\AppData\Roaming\npm
USERNAME=amalk
LANG=en_US.UTF-8
OS=Windows_NT
PROCESSOR_IDENTIFIER=AMD64 Family 23 Model 104 Stepping 1, AuthenticAMD
TMP=C:\Users\amalk\AppData\Local\Temp
TEMP=C:\Users\amalk\AppData\Local\Temp



---------------  S Y S T E M  ---------------

OS:
 Windows 11 , 64 bit Build 22621 (10.0.22621.3374)
OS uptime: 0 days 6:09 hours

CPU: total 12 (initial active 12) (12 cores per cpu, 2 threads per core) family 23 model 104 stepping 1 microcode 0x0, cx8, cmov, fxsr, ht, mmx, 3dnowpref, sse, sse2, sse3, ssse3, sse4a, sse4.1, sse4.2, popcnt, lzcnt, tsc, tscinvbit, avx, avx2, aes, clmul, bmi1, bmi2, adx, sha, fma, vzeroupper, clflush, clflushopt
Processor Information for all 12 processors :
  Max Mhz: 2100, Current Mhz: 1893, Mhz Limit: 2100

Memory: 4k page, system-wide physical 6005M (203M free)
TotalPageFile size 24437M (AvailPageFile size 17M)
current process WorkingSet (physical memory assigned to process): 11M, peak: 11M
current process commit charge ("private bytes"): 63M, peak: 127M

vm_info: OpenJDK 64-Bit Server VM (17.0.8+7-LTS) for windows-amd64 JRE (17.0.8+7-LTS), built on Jul  7 2023 17:21:55 by "MicrosoftCorporation" with MS VC++ 16.10 / 16.11 (VS2019)

END.
