#
# There is insufficient memory for the Java Runtime Environment to continue.
# Native memory allocation (mmap) failed to map 171966464 bytes for G1 virtual space
# Possible reasons:
#   The system is out of physical RAM or swap space
#   The process is running with CompressedOops enabled, and the Java Heap may be blocking the growth of the native heap
# Possible solutions:
#   Reduce memory load on the system
#   Increase physical memory or swap space
#   Check if swap backing store is full
#   Decrease Java heap size (-Xmx/-Xms)
#   Decrease number of Java threads
#   Decrease Java thread stack sizes (-Xss)
#   Set larger code cache with -XX:ReservedCodeCacheSize=
#   JVM is running with Unscaled Compressed Oops mode in which the Java heap is
#     placed in the first 4GB address space. The Java Heap base address is the
#     maximum limit for the native heap growth. Please use -XX:HeapBaseMinAddress
#     to set the Java Heap base and to place the Java Heap above 4GB virtual address.
# This output file may be truncated or incomplete.
#
#  Out of Memory Error (os_windows.cpp:3617), pid=26436, tid=15416
#
# JRE version: OpenJDK Runtime Environment Microsoft-8035246 (17.0.8+7) (build 17.0.8+7-LTS)
# Java VM: OpenJDK 64-Bit Server VM Microsoft-8035246 (17.0.8+7-LTS, mixed mode, sharing, tiered, compressed oops, compressed class ptrs, g1 gc, windows-amd64)
# No core dump will be written. Minidumps are not enabled by default on client versions of Windows
#

---------------  S U M M A R Y ------------

Command Line: org.jetbrains.kotlin.cli.jvm.K2JVMCompiler @D:\work\onemonth\native\deco\node_modules\react-native-screens\android\build\20240402_15600773816081179199.compiler.options

Host: AMD Ryzen 5 5500U with Radeon Graphics         , 12 cores, 5G,  Windows 11 , 64 bit Build 22621 (10.0.22621.3374)
Time: Tue Apr  2 17:37:10 2024 India Standard Time elapsed time: 34.002203 seconds (0d 0h 0m 34s)

---------------  T H R E A D  ---------------

Current thread (0x0000022461d5f7f0):  VMThread "VM Thread" [stack: 0x0000009759a00000,0x0000009759b00000] [id=15416]

Stack: [0x0000009759a00000,0x0000009759b00000]
Native frames: (J=compiled Java code, j=interpreted, Vv=VM code, C=native code)
V  [jvm.dll+0x67bf3a]
V  [jvm.dll+0x83a024]
V  [jvm.dll+0x83b7ce]
V  [jvm.dll+0x83be33]
V  [jvm.dll+0x24785f]
V  [jvm.dll+0x678cb9]
V  [jvm.dll+0x66d54a]
V  [jvm.dll+0x308feb]
V  [jvm.dll+0x310496]
V  [jvm.dll+0x36019e]
V  [jvm.dll+0x3603cf]
V  [jvm.dll+0x2dff38]
V  [jvm.dll+0x2de114]
V  [jvm.dll+0x2dd71c]
V  [jvm.dll+0x32143b]
V  [jvm.dll+0x84032b]
V  [jvm.dll+0x841064]
V  [jvm.dll+0x84157d]
V  [jvm.dll+0x841954]
V  [jvm.dll+0x841a20]
V  [jvm.dll+0x7ea13a]
V  [jvm.dll+0x67ad85]
C  [ucrtbase.dll+0x29333]
C  [KERNEL32.DLL+0x1257d]
C  [ntdll.dll+0x5aa48]

VM_Operation (0x00000097594f9a50): G1CollectForAllocation, mode: safepoint, requested by thread 0x000002244491f4c0


---------------  P R O C E S S  ---------------

Threads class SMR info:
_java_thread_list=0x00000224660ab7f0, length=12, elements={
0x000002244491f4c0, 0x0000022461d63740, 0x0000022461d645c0, 0x0000022461d794e0,
0x0000022461d7a0a0, 0x0000022461d7ca70, 0x0000022461d7d430, 0x0000022461d7e1d0,
0x0000022461d83190, 0x0000022461d84ab0, 0x00000224660d2f10, 0x00000224660d60a0
}

Java Threads: ( => current thread )
  0x000002244491f4c0 JavaThread "main" [_thread_blocked, id=24728, stack(0x0000009759400000,0x0000009759500000)]
  0x0000022461d63740 JavaThread "Reference Handler" daemon [_thread_blocked, id=23764, stack(0x0000009759b00000,0x0000009759c00000)]
  0x0000022461d645c0 JavaThread "Finalizer" daemon [_thread_blocked, id=22228, stack(0x0000009759c00000,0x0000009759d00000)]
  0x0000022461d794e0 JavaThread "Signal Dispatcher" daemon [_thread_blocked, id=6456, stack(0x0000009759d00000,0x0000009759e00000)]
  0x0000022461d7a0a0 JavaThread "Attach Listener" daemon [_thread_blocked, id=24396, stack(0x0000009759e00000,0x0000009759f00000)]
  0x0000022461d7ca70 JavaThread "Service Thread" daemon [_thread_blocked, id=25452, stack(0x0000009759f00000,0x000000975a000000)]
  0x0000022461d7d430 JavaThread "Monitor Deflation Thread" daemon [_thread_blocked, id=6076, stack(0x000000975a000000,0x000000975a100000)]
  0x0000022461d7e1d0 JavaThread "C2 CompilerThread0" daemon [_thread_blocked, id=23404, stack(0x000000975a100000,0x000000975a200000)]
  0x0000022461d83190 JavaThread "C1 CompilerThread0" daemon [_thread_blocked, id=22500, stack(0x000000975a200000,0x000000975a300000)]
  0x0000022461d84ab0 JavaThread "Sweeper thread" daemon [_thread_blocked, id=26144, stack(0x000000975a300000,0x000000975a400000)]
  0x00000224660d2f10 JavaThread "Notification Thread" daemon [_thread_blocked, id=26212, stack(0x000000975a400000,0x000000975a500000)]
  0x00000224660d60a0 JavaThread "Common-Cleaner" daemon [_thread_blocked, id=7808, stack(0x000000975a600000,0x000000975a700000)]

Other Threads:
=>0x0000022461d5f7f0 VMThread "VM Thread" [stack: 0x0000009759a00000,0x0000009759b00000] [id=15416]
  0x00000224660d5e10 WatcherThread [stack: 0x000000975a500000,0x000000975a600000] [id=25816]
  0x000002244496c990 GCTaskThread "GC Thread#0" [stack: 0x0000009759500000,0x0000009759600000] [id=23872]
  0x00000224663fe9c0 GCTaskThread "GC Thread#1" [stack: 0x000000975a700000,0x000000975a800000] [id=5244]
  0x00000224665ef020 GCTaskThread "GC Thread#2" [stack: 0x000000975a800000,0x000000975a900000] [id=21268]
  0x00000224665ef2e0 GCTaskThread "GC Thread#3" [stack: 0x000000975a900000,0x000000975aa00000] [id=25892]
  0x00000224665ef5a0 GCTaskThread "GC Thread#4" [stack: 0x000000975aa00000,0x000000975ab00000] [id=24232]
  0x00000224665f1870 GCTaskThread "GC Thread#5" [stack: 0x000000975ab00000,0x000000975ac00000] [id=22580]
  0x0000022466a639c0 GCTaskThread "GC Thread#6" [stack: 0x000000975ac00000,0x000000975ad00000] [id=26292]
  0x0000022466a63c80 GCTaskThread "GC Thread#7" [stack: 0x000000975ad00000,0x000000975ae00000] [id=23900]
  0x0000022466a63f40 GCTaskThread "GC Thread#8" [stack: 0x000000975ae00000,0x000000975af00000] [id=4804]
  0x0000022466a64200 GCTaskThread "GC Thread#9" [stack: 0x000000975af00000,0x000000975b000000] [id=17308]
  0x00000224449794a0 ConcurrentGCThread "G1 Main Marker" [stack: 0x0000009759600000,0x0000009759700000] [id=19692]
  0x000002244497a650 ConcurrentGCThread "G1 Conc#0" [stack: 0x0000009759700000,0x0000009759800000] [id=25152]
  0x0000022466c3f560 ConcurrentGCThread "G1 Conc#1" [stack: 0x000000975b000000,0x000000975b100000] [id=25508]
  0x0000022466c3f820 ConcurrentGCThread "G1 Conc#2" [stack: 0x000000975b100000,0x000000975b200000] [id=15316]
  0x00000224449c4bf0 ConcurrentGCThread "G1 Refine#0" [stack: 0x0000009759800000,0x0000009759900000] [id=19676]
  0x0000022467b30d70 ConcurrentGCThread "G1 Refine#1" [stack: 0x000000975b200000,0x000000975b300000] [id=25548]
  0x0000022461c20700 ConcurrentGCThread "G1 Service" [stack: 0x0000009759900000,0x0000009759a00000] [id=25868]

Threads with active compile tasks:
C2 CompilerThread0    34107 11705       4       org.jetbrains.kotlin.resolve.lazy.descriptors.LazyClassMemberScope::resolveUnknownVisibilitiesForMembers (110 bytes)
C1 CompilerThread0    34107 11727       3       org.jetbrains.kotlin.resolve.calls.inference.model.NewConstraintSystemImpl::contains (26 bytes)

VM state: at safepoint (normal execution)

VM Mutex/Monitor currently owned by a thread:  ([mutex/lock_event])
[0x000002244491b740] Threads_lock - owner thread: 0x0000022461d5f7f0
[0x000002244491b7d0] Heap_lock - owner thread: 0x000002244491f4c0

Heap address: 0x00000000a2200000, size: 1502 MB, Compressed Oops mode: 32-bit

CDS archive(s) mapped at: [0x0000022400000000-0x0000022400bd0000-0x0000022400bd0000), size 12386304, SharedBaseAddress: 0x0000022400000000, ArchiveRelocationMode: 1.
Compressed class space mapped at: 0x0000022401000000-0x0000022441000000, reserved size: 1073741824
Narrow klass base: 0x0000022400000000, Narrow klass shift: 0, Narrow klass range: 0x100000000

GC Precious Log:
 CPUs: 12 total, 12 available
 Memory: 6005M
 Large Page Support: Disabled
 NUMA Support: Disabled
 Compressed Oops: Enabled (32-bit)
 Heap Region Size: 1M
 Heap Min Capacity: 8M
 Heap Initial Capacity: 94M
 Heap Max Capacity: 1502M
 Pre-touch: Disabled
 Parallel Workers: 10
 Concurrent Workers: 3
 Concurrent Refinement Workers: 10
 Periodic GC: Disabled

Heap:
 garbage-first heap   total 135168K, used 82498K [0x00000000a2200000, 0x0000000100000000)
  region size 1024K, 4 young (4096K), 4 survivors (4096K)
 Metaspace       used 59647K, committed 59968K, reserved 1114112K
  class space    used 6871K, committed 7040K, reserved 1048576K

Heap Regions: E=young(eden), S=young(survivor), O=old, HS=humongous(starts), HC=humongous(continues), CS=collection set, F=free, OA=open archive, CA=closed archive, TAMS=top-at-mark-start (previous, next)
|   0|0x00000000a2200000, 0x00000000a2300000, 0x00000000a2300000|100%|HS|  |TAMS 0x00000000a2300000, 0x00000000a2300000| Complete 
|   1|0x00000000a2300000, 0x00000000a2400000, 0x00000000a2400000|100%|HC|  |TAMS 0x00000000a2400000, 0x00000000a2400000| Complete 
|   2|0x00000000a2400000, 0x00000000a2500000, 0x00000000a2500000|100%|HC|  |TAMS 0x00000000a2500000, 0x00000000a2500000| Complete 
|   3|0x00000000a2500000, 0x00000000a2600000, 0x00000000a2600000|100%|HC|  |TAMS 0x00000000a2600000, 0x00000000a2600000| Complete 
|   4|0x00000000a2600000, 0x00000000a2700000, 0x00000000a2700000|100%| O|  |TAMS 0x00000000a2700000, 0x00000000a2700000| Untracked 
|   5|0x00000000a2700000, 0x00000000a2800000, 0x00000000a2800000|100%| O|  |TAMS 0x00000000a2800000, 0x00000000a2800000| Untracked 
|   6|0x00000000a2800000, 0x00000000a2900000, 0x00000000a2900000|100%| O|  |TAMS 0x00000000a2900000, 0x00000000a2900000| Untracked 
|   7|0x00000000a2900000, 0x00000000a2a00000, 0x00000000a2a00000|100%|HS|  |TAMS 0x00000000a2a00000, 0x00000000a2a00000| Complete 
|   8|0x00000000a2a00000, 0x00000000a2b00000, 0x00000000a2b00000|100%|HC|  |TAMS 0x00000000a2b00000, 0x00000000a2b00000| Complete 
|   9|0x00000000a2b00000, 0x00000000a2c00000, 0x00000000a2c00000|100%|HC|  |TAMS 0x00000000a2c00000, 0x00000000a2c00000| Complete 
|  10|0x00000000a2c00000, 0x00000000a2d00000, 0x00000000a2d00000|100%|HC|  |TAMS 0x00000000a2d00000, 0x00000000a2d00000| Complete 
|  11|0x00000000a2d00000, 0x00000000a2e00000, 0x00000000a2e00000|100%| O|  |TAMS 0x00000000a2e00000, 0x00000000a2e00000| Untracked 
|  12|0x00000000a2e00000, 0x00000000a2f00000, 0x00000000a2f00000|100%| O|  |TAMS 0x00000000a2f00000, 0x00000000a2f00000| Untracked 
|  13|0x00000000a2f00000, 0x00000000a3000000, 0x00000000a3000000|100%| O|  |TAMS 0x00000000a3000000, 0x00000000a3000000| Untracked 
|  14|0x00000000a3000000, 0x00000000a3100000, 0x00000000a3100000|100%| O|  |TAMS 0x00000000a3100000, 0x00000000a3100000| Untracked 
|  15|0x00000000a3100000, 0x00000000a3200000, 0x00000000a3200000|100%| O|  |TAMS 0x00000000a3200000, 0x00000000a3200000| Untracked 
|  16|0x00000000a3200000, 0x00000000a3300000, 0x00000000a3300000|100%| O|  |TAMS 0x00000000a3300000, 0x00000000a3300000| Untracked 
|  17|0x00000000a3300000, 0x00000000a3400000, 0x00000000a3400000|100%| O|  |TAMS 0x00000000a3400000, 0x00000000a3400000| Untracked 
|  18|0x00000000a3400000, 0x00000000a3500000, 0x00000000a3500000|100%| O|  |TAMS 0x00000000a3500000, 0x00000000a3500000| Untracked 
|  19|0x00000000a3500000, 0x00000000a3600000, 0x00000000a3600000|100%| O|  |TAMS 0x00000000a3600000, 0x00000000a3600000| Untracked 
|  20|0x00000000a3600000, 0x00000000a3700000, 0x00000000a3700000|100%| O|  |TAMS 0x00000000a3700000, 0x00000000a3700000| Untracked 
|  21|0x00000000a3700000, 0x00000000a3800000, 0x00000000a3800000|100%|HS|  |TAMS 0x00000000a3800000, 0x00000000a3800000| Complete 
|  22|0x00000000a3800000, 0x00000000a3900000, 0x00000000a3900000|100%|HC|  |TAMS 0x00000000a3900000, 0x00000000a3900000| Complete 
|  23|0x00000000a3900000, 0x00000000a3a00000, 0x00000000a3a00000|100%| O|  |TAMS 0x00000000a3a00000, 0x00000000a3a00000| Untracked 
|  24|0x00000000a3a00000, 0x00000000a3b00000, 0x00000000a3b00000|100%| O|  |TAMS 0x00000000a3b00000, 0x00000000a3b00000| Untracked 
|  25|0x00000000a3b00000, 0x00000000a3c00000, 0x00000000a3c00000|100%| O|  |TAMS 0x00000000a3c00000, 0x00000000a3c00000| Untracked 
|  26|0x00000000a3c00000, 0x00000000a3d00000, 0x00000000a3d00000|100%| O|  |TAMS 0x00000000a3d00000, 0x00000000a3d00000| Untracked 
|  27|0x00000000a3d00000, 0x00000000a3e00000, 0x00000000a3e00000|100%| O|  |TAMS 0x00000000a3e00000, 0x00000000a3e00000| Untracked 
|  28|0x00000000a3e00000, 0x00000000a3f00000, 0x00000000a3f00000|100%| O|  |TAMS 0x00000000a3f00000, 0x00000000a3f00000| Untracked 
|  29|0x00000000a3f00000, 0x00000000a4000000, 0x00000000a4000000|100%| O|  |TAMS 0x00000000a4000000, 0x00000000a4000000| Untracked 
|  30|0x00000000a4000000, 0x00000000a4100000, 0x00000000a4100000|100%| O|  |TAMS 0x00000000a4100000, 0x00000000a4100000| Untracked 
|  31|0x00000000a4100000, 0x00000000a4200000, 0x00000000a4200000|100%| O|  |TAMS 0x00000000a4200000, 0x00000000a4200000| Untracked 
|  32|0x00000000a4200000, 0x00000000a4300000, 0x00000000a4300000|100%| O|  |TAMS 0x00000000a4300000, 0x00000000a4300000| Untracked 
|  33|0x00000000a4300000, 0x00000000a4400000, 0x00000000a4400000|100%| O|  |TAMS 0x00000000a4400000, 0x00000000a4400000| Untracked 
|  34|0x00000000a4400000, 0x00000000a4500000, 0x00000000a4500000|100%| O|  |TAMS 0x00000000a4500000, 0x00000000a4500000| Untracked 
|  35|0x00000000a4500000, 0x00000000a4600000, 0x00000000a4600000|100%| O|  |TAMS 0x00000000a4600000, 0x00000000a4600000| Untracked 
|  36|0x00000000a4600000, 0x00000000a4700000, 0x00000000a4700000|100%| O|  |TAMS 0x00000000a4700000, 0x00000000a4700000| Untracked 
|  37|0x00000000a4700000, 0x00000000a4800000, 0x00000000a4800000|100%| O|  |TAMS 0x00000000a4800000, 0x00000000a4800000| Untracked 
|  38|0x00000000a4800000, 0x00000000a4900000, 0x00000000a4900000|100%| O|  |TAMS 0x00000000a4900000, 0x00000000a4900000| Untracked 
|  39|0x00000000a4900000, 0x00000000a4a00000, 0x00000000a4a00000|100%| O|  |TAMS 0x00000000a4a00000, 0x00000000a4a00000| Untracked 
|  40|0x00000000a4a00000, 0x00000000a4b00000, 0x00000000a4b00000|100%| O|  |TAMS 0x00000000a4b00000, 0x00000000a4b00000| Untracked 
|  41|0x00000000a4b00000, 0x00000000a4c00000, 0x00000000a4c00000|100%| O|  |TAMS 0x00000000a4c00000, 0x00000000a4c00000| Untracked 
|  42|0x00000000a4c00000, 0x00000000a4d00000, 0x00000000a4d00000|100%| O|  |TAMS 0x00000000a4d00000, 0x00000000a4d00000| Untracked 
|  43|0x00000000a4d00000, 0x00000000a4e00000, 0x00000000a4e00000|100%| O|  |TAMS 0x00000000a4d00000, 0x00000000a4e00000| Untracked 
|  44|0x00000000a4e00000, 0x00000000a4f00000, 0x00000000a4f00000|100%| O|  |TAMS 0x00000000a4f00000, 0x00000000a4f00000| Untracked 
|  45|0x00000000a4f00000, 0x00000000a5000000, 0x00000000a5000000|100%| O|  |TAMS 0x00000000a5000000, 0x00000000a5000000| Untracked 
|  46|0x00000000a5000000, 0x00000000a5100000, 0x00000000a5100000|100%| O|  |TAMS 0x00000000a5100000, 0x00000000a5100000| Untracked 
|  47|0x00000000a5100000, 0x00000000a5200000, 0x00000000a5200000|100%| O|  |TAMS 0x00000000a5200000, 0x00000000a5200000| Untracked 
|  48|0x00000000a5200000, 0x00000000a5300000, 0x00000000a5300000|100%| O|  |TAMS 0x00000000a5300000, 0x00000000a5300000| Untracked 
|  49|0x00000000a5300000, 0x00000000a5400000, 0x00000000a5400000|100%| O|  |TAMS 0x00000000a5400000, 0x00000000a5400000| Untracked 
|  50|0x00000000a5400000, 0x00000000a5500000, 0x00000000a5500000|100%| O|  |TAMS 0x00000000a5500000, 0x00000000a5500000| Untracked 
|  51|0x00000000a5500000, 0x00000000a5600000, 0x00000000a5600000|100%| O|  |TAMS 0x00000000a5600000, 0x00000000a5600000| Untracked 
|  52|0x00000000a5600000, 0x00000000a5700000, 0x00000000a5700000|100%| O|  |TAMS 0x00000000a5700000, 0x00000000a5700000| Untracked 
|  53|0x00000000a5700000, 0x00000000a5800000, 0x00000000a5800000|100%| O|  |TAMS 0x00000000a5800000, 0x00000000a5800000| Untracked 
|  54|0x00000000a5800000, 0x00000000a5900000, 0x00000000a5900000|100%| O|  |TAMS 0x00000000a5900000, 0x00000000a5900000| Untracked 
|  55|0x00000000a5900000, 0x00000000a5a00000, 0x00000000a5a00000|100%| O|  |TAMS 0x00000000a5a00000, 0x00000000a5a00000| Untracked 
|  56|0x00000000a5a00000, 0x00000000a5b00000, 0x00000000a5b00000|100%| O|  |TAMS 0x00000000a5b00000, 0x00000000a5b00000| Untracked 
|  57|0x00000000a5b00000, 0x00000000a5c00000, 0x00000000a5c00000|100%| O|  |TAMS 0x00000000a5c00000, 0x00000000a5c00000| Untracked 
|  58|0x00000000a5c00000, 0x00000000a5d00000, 0x00000000a5d00000|100%| O|  |TAMS 0x00000000a5d00000, 0x00000000a5d00000| Untracked 
|  59|0x00000000a5d00000, 0x00000000a5e00000, 0x00000000a5e00000|100%| O|  |TAMS 0x00000000a5e00000, 0x00000000a5e00000| Untracked 
|  60|0x00000000a5e00000, 0x00000000a5f00000, 0x00000000a5f00000|100%| O|  |TAMS 0x00000000a5f00000, 0x00000000a5f00000| Untracked 
|  61|0x00000000a5f00000, 0x00000000a6000000, 0x00000000a6000000|100%| O|  |TAMS 0x00000000a6000000, 0x00000000a6000000| Untracked 
|  62|0x00000000a6000000, 0x00000000a6100000, 0x00000000a6100000|100%| O|  |TAMS 0x00000000a6100000, 0x00000000a6100000| Untracked 
|  63|0x00000000a6100000, 0x00000000a6200000, 0x00000000a6200000|100%| O|  |TAMS 0x00000000a6200000, 0x00000000a6200000| Untracked 
|  64|0x00000000a6200000, 0x00000000a6300000, 0x00000000a6300000|100%| O|  |TAMS 0x00000000a6300000, 0x00000000a6300000| Untracked 
|  65|0x00000000a6300000, 0x00000000a6390800, 0x00000000a6400000| 56%| O|  |TAMS 0x00000000a6300000, 0x00000000a6300000| Untracked 
|  66|0x00000000a6400000, 0x00000000a6500000, 0x00000000a6500000|100%| O|  |TAMS 0x00000000a6500000, 0x00000000a6500000| Untracked 
|  67|0x00000000a6500000, 0x00000000a6600000, 0x00000000a6600000|100%| O|  |TAMS 0x00000000a6600000, 0x00000000a6600000| Untracked 
|  68|0x00000000a6600000, 0x00000000a6700000, 0x00000000a6700000|100%| O|  |TAMS 0x00000000a6700000, 0x00000000a6700000| Untracked 
|  69|0x00000000a6700000, 0x00000000a6800000, 0x00000000a6800000|100%| O|  |TAMS 0x00000000a6800000, 0x00000000a6800000| Untracked 
|  70|0x00000000a6800000, 0x00000000a6900000, 0x00000000a6900000|100%| O|  |TAMS 0x00000000a6800000, 0x00000000a6900000| Untracked 
|  71|0x00000000a6900000, 0x00000000a6a00000, 0x00000000a6a00000|100%| O|  |TAMS 0x00000000a6900000, 0x00000000a6a00000| Untracked 
|  72|0x00000000a6a00000, 0x00000000a6b00000, 0x00000000a6b00000|100%| O|  |TAMS 0x00000000a6a00000, 0x00000000a6b00000| Untracked 
|  73|0x00000000a6b00000, 0x00000000a6c00000, 0x00000000a6c00000|100%| O|  |TAMS 0x00000000a6b00000, 0x00000000a6c00000| Untracked 
|  74|0x00000000a6c00000, 0x00000000a6d00000, 0x00000000a6d00000|100%| O|  |TAMS 0x00000000a6c00000, 0x00000000a6d00000| Untracked 
|  75|0x00000000a6d00000, 0x00000000a6e00000, 0x00000000a6e00000|100%| O|  |TAMS 0x00000000a6d00000, 0x00000000a6d6c400| Untracked 
|  76|0x00000000a6e00000, 0x00000000a6e00000, 0x00000000a6f00000|  0%| F|  |TAMS 0x00000000a6e00000, 0x00000000a6e00000| Untracked 
|  77|0x00000000a6f00000, 0x00000000a6f00000, 0x00000000a7000000|  0%| F|  |TAMS 0x00000000a6f00000, 0x00000000a6f00000| Untracked 
|  78|0x00000000a7000000, 0x00000000a7000000, 0x00000000a7100000|  0%| F|  |TAMS 0x00000000a7000000, 0x00000000a7000000| Untracked 
|  79|0x00000000a7100000, 0x00000000a7100000, 0x00000000a7200000|  0%| F|  |TAMS 0x00000000a7100000, 0x00000000a7100000| Untracked 
|  80|0x00000000a7200000, 0x00000000a7200000, 0x00000000a7300000|  0%| F|  |TAMS 0x00000000a7200000, 0x00000000a7200000| Untracked 
|  81|0x00000000a7300000, 0x00000000a7300000, 0x00000000a7400000|  0%| F|  |TAMS 0x00000000a7300000, 0x00000000a7300000| Untracked 
|  82|0x00000000a7400000, 0x00000000a7400000, 0x00000000a7500000|  0%| F|  |TAMS 0x00000000a7400000, 0x00000000a7400000| Untracked 
|  83|0x00000000a7500000, 0x00000000a7500000, 0x00000000a7600000|  0%| F|  |TAMS 0x00000000a7500000, 0x00000000a7500000| Untracked 
|  84|0x00000000a7600000, 0x00000000a7600000, 0x00000000a7700000|  0%| F|  |TAMS 0x00000000a7600000, 0x00000000a7600000| Untracked 
|  85|0x00000000a7700000, 0x00000000a7700000, 0x00000000a7800000|  0%| F|  |TAMS 0x00000000a7700000, 0x00000000a7700000| Untracked 
|  86|0x00000000a7800000, 0x00000000a7800000, 0x00000000a7900000|  0%| F|  |TAMS 0x00000000a7800000, 0x00000000a7800000| Untracked 
|  87|0x00000000a7900000, 0x00000000a7900000, 0x00000000a7a00000|  0%| F|  |TAMS 0x00000000a7900000, 0x00000000a7900000| Untracked 
|  88|0x00000000a7a00000, 0x00000000a7a00000, 0x00000000a7b00000|  0%| F|  |TAMS 0x00000000a7a00000, 0x00000000a7a00000| Untracked 
|  89|0x00000000a7b00000, 0x00000000a7b00000, 0x00000000a7c00000|  0%| F|  |TAMS 0x00000000a7b00000, 0x00000000a7b00000| Untracked 
|  90|0x00000000a7c00000, 0x00000000a7c00000, 0x00000000a7d00000|  0%| F|  |TAMS 0x00000000a7c00000, 0x00000000a7c00000| Untracked 
|  91|0x00000000a7d00000, 0x00000000a7d00000, 0x00000000a7e00000|  0%| F|  |TAMS 0x00000000a7d00000, 0x00000000a7d00000| Untracked 
|  92|0x00000000a7e00000, 0x00000000a7e00000, 0x00000000a7f00000|  0%| F|  |TAMS 0x00000000a7e00000, 0x00000000a7e00000| Untracked 
|  93|0x00000000a7f00000, 0x00000000a7f00000, 0x00000000a8000000|  0%| F|  |TAMS 0x00000000a7f00000, 0x00000000a7f00000| Untracked 
|  94|0x00000000a8000000, 0x00000000a8000000, 0x00000000a8100000|  0%| F|  |TAMS 0x00000000a8000000, 0x00000000a8000000| Untracked 
|  95|0x00000000a8100000, 0x00000000a8200000, 0x00000000a8200000|100%| S|CS|TAMS 0x00000000a8100000, 0x00000000a8100000| Complete 
|  96|0x00000000a8200000, 0x00000000a8300000, 0x00000000a8300000|100%| S|CS|TAMS 0x00000000a8200000, 0x00000000a8200000| Complete 
|  97|0x00000000a8300000, 0x00000000a8400000, 0x00000000a8400000|100%| S|CS|TAMS 0x00000000a8300000, 0x00000000a8300000| Complete 
|  98|0x00000000a8400000, 0x00000000a8500000, 0x00000000a8500000|100%| S|CS|TAMS 0x00000000a8400000, 0x00000000a8400000| Complete 
|  99|0x00000000a8500000, 0x00000000a8500000, 0x00000000a8600000|  0%| F|  |TAMS 0x00000000a8500000, 0x00000000a8500000| Untracked 
| 100|0x00000000a8600000, 0x00000000a8600000, 0x00000000a8700000|  0%| F|  |TAMS 0x00000000a8600000, 0x00000000a8600000| Untracked 
| 101|0x00000000a8700000, 0x00000000a8700000, 0x00000000a8800000|  0%| F|  |TAMS 0x00000000a8700000, 0x00000000a8700000| Untracked 
| 102|0x00000000a8800000, 0x00000000a8800000, 0x00000000a8900000|  0%| F|  |TAMS 0x00000000a8800000, 0x00000000a8800000| Untracked 
| 103|0x00000000a8900000, 0x00000000a8900000, 0x00000000a8a00000|  0%| F|  |TAMS 0x00000000a8900000, 0x00000000a8900000| Untracked 
| 104|0x00000000a8a00000, 0x00000000a8a00000, 0x00000000a8b00000|  0%| F|  |TAMS 0x00000000a8a00000, 0x00000000a8a00000| Untracked 
| 105|0x00000000a8b00000, 0x00000000a8b00000, 0x00000000a8c00000|  0%| F|  |TAMS 0x00000000a8b00000, 0x00000000a8b00000| Untracked 
| 106|0x00000000a8c00000, 0x00000000a8c00000, 0x00000000a8d00000|  0%| F|  |TAMS 0x00000000a8c00000, 0x00000000a8c00000| Untracked 
| 107|0x00000000a8d00000, 0x00000000a8d00000, 0x00000000a8e00000|  0%| F|  |TAMS 0x00000000a8d00000, 0x00000000a8d00000| Untracked 
| 108|0x00000000a8e00000, 0x00000000a8e00000, 0x00000000a8f00000|  0%| F|  |TAMS 0x00000000a8e00000, 0x00000000a8e00000| Untracked 
| 109|0x00000000a8f00000, 0x00000000a8f00000, 0x00000000a9000000|  0%| F|  |TAMS 0x00000000a8f00000, 0x00000000a8f00000| Untracked 
| 110|0x00000000a9000000, 0x00000000a9000000, 0x00000000a9100000|  0%| F|  |TAMS 0x00000000a9000000, 0x00000000a9000000| Untracked 
| 111|0x00000000a9100000, 0x00000000a9100000, 0x00000000a9200000|  0%| F|  |TAMS 0x00000000a9100000, 0x00000000a9100000| Untracked 
| 112|0x00000000a9200000, 0x00000000a9200000, 0x00000000a9300000|  0%| F|  |TAMS 0x00000000a9200000, 0x00000000a9200000| Untracked 
| 113|0x00000000a9300000, 0x00000000a9300000, 0x00000000a9400000|  0%| F|  |TAMS 0x00000000a9300000, 0x00000000a9300000| Untracked 
| 114|0x00000000a9400000, 0x00000000a9400000, 0x00000000a9500000|  0%| F|  |TAMS 0x00000000a9400000, 0x00000000a9400000| Untracked 
| 115|0x00000000a9500000, 0x00000000a9500000, 0x00000000a9600000|  0%| F|  |TAMS 0x00000000a9500000, 0x00000000a9500000| Untracked 
| 116|0x00000000a9600000, 0x00000000a9600000, 0x00000000a9700000|  0%| F|  |TAMS 0x00000000a9600000, 0x00000000a9600000| Untracked 
| 117|0x00000000a9700000, 0x00000000a9700000, 0x00000000a9800000|  0%| F|  |TAMS 0x00000000a9700000, 0x00000000a9700000| Untracked 
| 118|0x00000000a9800000, 0x00000000a9800000, 0x00000000a9900000|  0%| F|  |TAMS 0x00000000a9800000, 0x00000000a9800000| Untracked 
| 119|0x00000000a9900000, 0x00000000a9900000, 0x00000000a9a00000|  0%| F|  |TAMS 0x00000000a9900000, 0x00000000a9900000| Untracked 
| 120|0x00000000a9a00000, 0x00000000a9a00000, 0x00000000a9b00000|  0%| F|  |TAMS 0x00000000a9a00000, 0x00000000a9a00000| Untracked 
| 121|0x00000000a9b00000, 0x00000000a9b00000, 0x00000000a9c00000|  0%| F|  |TAMS 0x00000000a9b00000, 0x00000000a9b00000| Untracked 
| 122|0x00000000a9c00000, 0x00000000a9c00000, 0x00000000a9d00000|  0%| F|  |TAMS 0x00000000a9c00000, 0x00000000a9c00000| Untracked 
| 123|0x00000000a9d00000, 0x00000000a9d00000, 0x00000000a9e00000|  0%| F|  |TAMS 0x00000000a9d00000, 0x00000000a9d00000| Untracked 
| 124|0x00000000a9e00000, 0x00000000a9e00000, 0x00000000a9f00000|  0%| F|  |TAMS 0x00000000a9e00000, 0x00000000a9e00000| Untracked 
| 125|0x00000000a9f00000, 0x00000000a9f00000, 0x00000000aa000000|  0%| F|  |TAMS 0x00000000a9f00000, 0x00000000a9f00000| Untracked 
| 126|0x00000000aa000000, 0x00000000aa000000, 0x00000000aa100000|  0%| F|  |TAMS 0x00000000aa000000, 0x00000000aa000000| Untracked 
| 127|0x00000000aa100000, 0x00000000aa100000, 0x00000000aa200000|  0%| F|  |TAMS 0x00000000aa100000, 0x00000000aa100000| Untracked 
| 128|0x00000000aa200000, 0x00000000aa200000, 0x00000000aa300000|  0%| F|  |TAMS 0x00000000aa200000, 0x00000000aa200000| Untracked 
| 129|0x00000000aa300000, 0x00000000aa300000, 0x00000000aa400000|  0%| F|  |TAMS 0x00000000aa300000, 0x00000000aa300000| Untracked 
| 130|0x00000000aa400000, 0x00000000aa400000, 0x00000000aa500000|  0%| F|  |TAMS 0x00000000aa400000, 0x00000000aa400000| Untracked 
|1501|0x00000000fff00000, 0x0000000100000000, 0x0000000100000000|100%| O|  |TAMS 0x0000000100000000, 0x0000000100000000| Untracked 

Card table byte_map: [0x000002245bc50000,0x000002245bf40000] _byte_map_base: 0x000002245b73f000

Marking Bits (Prev, Next): (CMBitMap*) 0x000002244496cff0, (CMBitMap*) 0x000002244496cfb0
 Prev Bits: [0x000002245d9b0000, 0x000002245f128000)
 Next Bits: [0x000002245c230000, 0x000002245d9a8000)

Polling page: 0x00000224440d0000

Metaspace:

Usage:
  Non-class:     51.54 MB used.
      Class:      6.71 MB used.
       Both:     58.25 MB used.

Virtual space:
  Non-class space:       64.00 MB reserved,      51.69 MB ( 81%) committed,  1 nodes.
      Class space:        1.00 GB reserved,       6.88 MB ( <1%) committed,  1 nodes.
             Both:        1.06 GB reserved,      58.56 MB (  5%) committed. 

Chunk freelists:
   Non-Class:  12.20 MB
       Class:  9.14 MB
        Both:  21.34 MB

MaxMetaspaceSize: unlimited
CompressedClassSpaceSize: 1.00 GB
Initial GC threshold: 21.00 MB
Current GC threshold: 91.50 MB
CDS: on
MetaspaceReclaimPolicy: balanced
 - commit_granule_bytes: 65536.
 - commit_granule_words: 8192.
 - virtual_space_node_default_size: 8388608.
 - enlarge_chunks_in_place: 1.
 - new_chunks_are_fully_committed: 0.
 - uncommit_free_chunks: 1.
 - use_allocation_guard: 0.
 - handle_deallocations: 1.


Internal statistics:

num_allocs_failed_limit: 6.
num_arena_births: 350.
num_arena_deaths: 0.
num_vsnodes_births: 2.
num_vsnodes_deaths: 0.
num_space_committed: 935.
num_space_uncommitted: 0.
num_chunks_returned_to_freelist: 6.
num_chunks_taken_from_freelist: 2526.
num_chunk_merges: 6.
num_chunk_splits: 1979.
num_chunks_enlarged: 1697.
num_inconsistent_stats: 0.

CodeHeap 'non-profiled nmethods': size=120000Kb used=3849Kb max_used=3849Kb free=116151Kb
 bounds [0x0000022453ee0000, 0x00000224542b0000, 0x000002245b410000]
CodeHeap 'profiled nmethods': size=120000Kb used=22910Kb max_used=22910Kb free=97090Kb
 bounds [0x000002244c410000, 0x000002244da70000, 0x0000022453940000]
CodeHeap 'non-nmethods': size=5760Kb used=1319Kb max_used=1360Kb free=4440Kb
 bounds [0x0000022453940000, 0x0000022453bb0000, 0x0000022453ee0000]
 total_blobs=10488 nmethods=9855 adapters=542
 compilation: enabled
              stopped_count=0, restarted_count=0
 full_count=0

Compilation events (20 events):
Event: 33.913 Thread 0x0000022461d83190 nmethod 11711 0x000002244da5b110 code [0x000002244da5b6c0, 0x000002244da5e448]
Event: 33.913 Thread 0x0000022461d83190 11712       3       org.jetbrains.kotlin.resolve.descriptorUtil.DescriptorUtilsKt::isParameterOfAnnotation (24 bytes)
Event: 33.914 Thread 0x0000022461d83190 nmethod 11712 0x000002244da5f290 code [0x000002244da5f4c0, 0x000002244da5fb68]
Event: 33.914 Thread 0x0000022461d83190 11714       3       org.jetbrains.kotlin.resolve.calls.components.ArgumentsUtilsKt::isVararg (21 bytes)
Event: 33.914 Thread 0x0000022461d83190 nmethod 11714 0x000002244da5fe10 code [0x000002244da60020, 0x000002244da606d8]
Event: 33.916 Thread 0x0000022461d83190 11715       3       org.jetbrains.kotlin.com.intellij.psi.impl.source.tree.TreeElement::equals (11 bytes)
Event: 33.916 Thread 0x0000022461d83190 nmethod 11715 0x000002244d509590 code [0x000002244d509720, 0x000002244d509898]
Event: 33.920 Thread 0x0000022461d83190 11716       3       org.jetbrains.kotlin.psi.KtValueArgumentList::<init> (14 bytes)
Event: 33.921 Thread 0x0000022461d83190 nmethod 11716 0x000002244da60990 code [0x000002244da60be0, 0x000002244da61668]
Event: 33.928 Thread 0x0000022461d83190 11719       3       org.jetbrains.kotlin.resolve.calls.checkers.DeprecatedCallChecker::shouldCheckPropertyGetter$frontend (195 bytes)
Event: 33.933 Thread 0x0000022461d83190 nmethod 11719 0x000002244da61a10 code [0x000002244da62020, 0x000002244da65378]
Event: 33.936 Thread 0x0000022461d83190 11722       3       org.jetbrains.kotlin.resolve.calls.smartcasts.DataFlowValueFactoryImpl::createDataFlowValue (223 bytes)
Event: 33.944 Thread 0x0000022461d83190 nmethod 11722 0x000002244da66210 code [0x000002244da66ba0, 0x000002244da6bd98]
Event: 33.944 Thread 0x0000022461d83190 11723       1       org.jetbrains.kotlin.load.java.lazy.descriptors.LazyJavaClassDescriptor::isFun (2 bytes)
Event: 33.944 Thread 0x0000022461d83190 nmethod 11723 0x00000224542a2110 code [0x00000224542a22a0, 0x00000224542a2378]
Event: 33.944 Thread 0x0000022461d83190 11725       3       org.jetbrains.kotlin.config.MavenComparableVersion$ListItem::toString (72 bytes)
Event: 33.946 Thread 0x0000022461d83190 nmethod 11725 0x000002244da6d690 code [0x000002244da6d940, 0x000002244da6e8c8]
Event: 33.946 Thread 0x0000022461d83190 11724       3       org.jetbrains.kotlin.config.MavenComparableVersion$ListItem::normalize (55 bytes)
Event: 33.946 Thread 0x0000022461d83190 nmethod 11724 0x000002244da6ed10 code [0x000002244da6ef20, 0x000002244da6f928]
Event: 33.946 Thread 0x0000022461d83190 11727       3       org.jetbrains.kotlin.resolve.calls.inference.model.NewConstraintSystemImpl::contains (26 bytes)

GC Heap History (20 events):
Event: 23.682 GC heap after
{Heap after GC invocations=15 (full 0):
 garbage-first heap   total 106496K, used 51197K [0x00000000a2200000, 0x0000000100000000)
  region size 1024K, 5 young (5120K), 5 survivors (5120K)
 Metaspace       used 51470K, committed 51776K, reserved 1114112K
  class space    used 6110K, committed 6272K, reserved 1048576K
}
Event: 24.825 GC heap before
{Heap before GC invocations=15 (full 0):
 garbage-first heap   total 106496K, used 80893K [0x00000000a2200000, 0x0000000100000000)
  region size 1024K, 34 young (34816K), 5 survivors (5120K)
 Metaspace       used 51989K, committed 52352K, reserved 1114112K
  class space    used 6171K, committed 6336K, reserved 1048576K
}
Event: 24.862 GC heap after
{Heap after GC invocations=16 (full 0):
 garbage-first heap   total 106496K, used 56829K [0x00000000a2200000, 0x0000000100000000)
  region size 1024K, 5 young (5120K), 5 survivors (5120K)
 Metaspace       used 51989K, committed 52352K, reserved 1114112K
  class space    used 6171K, committed 6336K, reserved 1048576K
}
Event: 25.681 GC heap before
{Heap before GC invocations=16 (full 0):
 garbage-first heap   total 106496K, used 81405K [0x00000000a2200000, 0x0000000100000000)
  region size 1024K, 30 young (30720K), 5 survivors (5120K)
 Metaspace       used 52688K, committed 52992K, reserved 1114112K
  class space    used 6258K, committed 6400K, reserved 1048576K
}
Event: 25.718 GC heap after
{Heap after GC invocations=17 (full 0):
 garbage-first heap   total 128000K, used 61440K [0x00000000a2200000, 0x0000000100000000)
  region size 1024K, 4 young (4096K), 4 survivors (4096K)
 Metaspace       used 52688K, committed 52992K, reserved 1114112K
  class space    used 6258K, committed 6400K, reserved 1048576K
}
Event: 26.796 GC heap before
{Heap before GC invocations=18 (full 0):
 garbage-first heap   total 128000K, used 97280K [0x00000000a2200000, 0x0000000100000000)
  region size 1024K, 39 young (39936K), 4 survivors (4096K)
 Metaspace       used 52738K, committed 53056K, reserved 1114112K
  class space    used 6263K, committed 6400K, reserved 1048576K
}
Event: 26.822 GC heap after
{Heap after GC invocations=19 (full 0):
 garbage-first heap   total 128000K, used 67941K [0x00000000a2200000, 0x0000000100000000)
  region size 1024K, 5 young (5120K), 5 survivors (5120K)
 Metaspace       used 52738K, committed 53056K, reserved 1114112K
  class space    used 6263K, committed 6400K, reserved 1048576K
}
Event: 27.580 GC heap before
{Heap before GC invocations=19 (full 0):
 garbage-first heap   total 128000K, used 98661K [0x00000000a2200000, 0x0000000100000000)
  region size 1024K, 35 young (35840K), 5 survivors (5120K)
 Metaspace       used 53489K, committed 53824K, reserved 1114112K
  class space    used 6340K, committed 6528K, reserved 1048576K
}
Event: 27.599 GC heap after
{Heap after GC invocations=20 (full 0):
 garbage-first heap   total 128000K, used 71246K [0x00000000a2200000, 0x0000000100000000)
  region size 1024K, 3 young (3072K), 3 survivors (3072K)
 Metaspace       used 53489K, committed 53824K, reserved 1114112K
  class space    used 6340K, committed 6528K, reserved 1048576K
}
Event: 27.950 GC heap before
{Heap before GC invocations=21 (full 0):
 garbage-first heap   total 130048K, used 100942K [0x00000000a2200000, 0x0000000100000000)
  region size 1024K, 32 young (32768K), 3 survivors (3072K)
 Metaspace       used 53580K, committed 53888K, reserved 1114112K
  class space    used 6343K, committed 6528K, reserved 1048576K
}
Event: 27.962 GC heap after
{Heap after GC invocations=22 (full 0):
 garbage-first heap   total 130048K, used 72738K [0x00000000a2200000, 0x0000000100000000)
  region size 1024K, 2 young (2048K), 2 survivors (2048K)
 Metaspace       used 53580K, committed 53888K, reserved 1114112K
  class space    used 6343K, committed 6528K, reserved 1048576K
}
Event: 28.056 GC heap before
{Heap before GC invocations=22 (full 0):
 garbage-first heap   total 130048K, used 76834K [0x00000000a2200000, 0x0000000100000000)
  region size 1024K, 6 young (6144K), 2 survivors (2048K)
 Metaspace       used 53628K, committed 53952K, reserved 1114112K
  class space    used 6343K, committed 6528K, reserved 1048576K
}
Event: 28.064 GC heap after
{Heap after GC invocations=23 (full 0):
 garbage-first heap   total 130048K, used 71977K [0x00000000a2200000, 0x0000000100000000)
  region size 1024K, 1 young (1024K), 1 survivors (1024K)
 Metaspace       used 53628K, committed 53952K, reserved 1114112K
  class space    used 6343K, committed 6528K, reserved 1048576K
}
Event: 30.118 GC heap before
{Heap before GC invocations=23 (full 0):
 garbage-first heap   total 130048K, used 97577K [0x00000000a2200000, 0x0000000100000000)
  region size 1024K, 27 young (27648K), 1 survivors (1024K)
 Metaspace       used 55845K, committed 56128K, reserved 1114112K
  class space    used 6558K, committed 6720K, reserved 1048576K
}
Event: 30.127 GC heap after
{Heap after GC invocations=24 (full 0):
 garbage-first heap   total 130048K, used 73968K [0x00000000a2200000, 0x0000000100000000)
  region size 1024K, 3 young (3072K), 3 survivors (3072K)
 Metaspace       used 55845K, committed 56128K, reserved 1114112K
  class space    used 6558K, committed 6720K, reserved 1048576K
}
Event: 31.564 GC heap before
{Heap before GC invocations=25 (full 0):
 garbage-first heap   total 135168K, used 105712K [0x00000000a2200000, 0x0000000100000000)
  region size 1024K, 33 young (33792K), 3 survivors (3072K)
 Metaspace       used 57432K, committed 57728K, reserved 1114112K
  class space    used 6683K, committed 6848K, reserved 1048576K
}
Event: 31.580 GC heap after
{Heap after GC invocations=26 (full 0):
 garbage-first heap   total 135168K, used 77770K [0x00000000a2200000, 0x0000000100000000)
  region size 1024K, 5 young (5120K), 5 survivors (5120K)
 Metaspace       used 57432K, committed 57728K, reserved 1114112K
  class space    used 6683K, committed 6848K, reserved 1048576K
}
Event: 31.621 GC heap before
{Heap before GC invocations=26 (full 0):
 garbage-first heap   total 135168K, used 78794K [0x00000000a2200000, 0x0000000100000000)
  region size 1024K, 6 young (6144K), 5 survivors (5120K)
 Metaspace       used 57445K, committed 57728K, reserved 1114112K
  class space    used 6683K, committed 6848K, reserved 1048576K
}
Event: 31.663 GC heap after
{Heap after GC invocations=27 (full 0):
 garbage-first heap   total 135168K, used 78089K [0x00000000a2200000, 0x0000000100000000)
  region size 1024K, 1 young (1024K), 1 survivors (1024K)
 Metaspace       used 57445K, committed 57728K, reserved 1114112K
  class space    used 6683K, committed 6848K, reserved 1048576K
}
Event: 33.947 GC heap before
{Heap before GC invocations=27 (full 0):
 garbage-first heap   total 135168K, used 109833K [0x00000000a2200000, 0x0000000100000000)
  region size 1024K, 32 young (32768K), 1 survivors (1024K)
 Metaspace       used 59647K, committed 59968K, reserved 1114112K
  class space    used 6871K, committed 7040K, reserved 1048576K
}

Dll operation events (7 events):
Event: 0.052 Loaded shared library C:\Program Files\Microsoft\jdk-17.0.8.7-hotspot\bin\java.dll
Event: 0.144 Loaded shared library C:\Program Files\Microsoft\jdk-17.0.8.7-hotspot\bin\jsvml.dll
Event: 0.474 Loaded shared library C:\Program Files\Microsoft\jdk-17.0.8.7-hotspot\bin\net.dll
Event: 0.480 Loaded shared library C:\Program Files\Microsoft\jdk-17.0.8.7-hotspot\bin\nio.dll
Event: 1.052 Loaded shared library C:\Program Files\Microsoft\jdk-17.0.8.7-hotspot\bin\zip.dll
Event: 1.144 Loaded shared library C:\Program Files\Microsoft\jdk-17.0.8.7-hotspot\bin\jimage.dll
Event: 4.091 Loaded shared library C:\Program Files\Microsoft\jdk-17.0.8.7-hotspot\bin\verify.dll

Deoptimization events (20 events):
Event: 33.214 Thread 0x000002244491f4c0 DEOPT PACKING pc=0x000002244ccfa72d sp=0x00000097594f70e0
Event: 33.214 Thread 0x000002244491f4c0 DEOPT UNPACKING pc=0x0000022453997143 sp=0x00000097594f6570 mode 0
Event: 33.231 Thread 0x000002244491f4c0 DEOPT PACKING pc=0x000002244c7fe6e4 sp=0x00000097594f7fc0
Event: 33.231 Thread 0x000002244491f4c0 DEOPT UNPACKING pc=0x0000022453997143 sp=0x00000097594f7540 mode 0
Event: 33.334 Thread 0x000002244491f4c0 Uncommon trap: trap_request=0xffffffc6 fr.pc=0x0000022454088b00 relative=0x00000000000001e0
Event: 33.334 Thread 0x000002244491f4c0 Uncommon trap: reason=bimorphic_or_optimized_type_check action=maybe_recompile pc=0x0000022454088b00 method=org.jetbrains.kotlin.com.intellij.psi.impl.source.tree.CompositeElement.findChildByType(Lorg/jetbrains/kotlin/com/intellij/psi/tree/TokenSet;)Lorg/
Event: 33.334 Thread 0x000002244491f4c0 DEOPT PACKING pc=0x0000022454088b00 sp=0x00000097594f7310
Event: 33.334 Thread 0x000002244491f4c0 DEOPT UNPACKING pc=0x00000224539969a3 sp=0x00000097594f72c8 mode 2
Event: 33.397 Thread 0x000002244491f4c0 Uncommon trap: trap_request=0xffffffcc fr.pc=0x000002245427aadc relative=0x000000000000033c
Event: 33.397 Thread 0x000002244491f4c0 Uncommon trap: reason=intrinsic_or_type_checked_inlining action=make_not_entrant pc=0x000002245427aadc method=java.util.ArrayList.toArray([Ljava/lang/Object;)[Ljava/lang/Object; @ 36 c2
Event: 33.397 Thread 0x000002244491f4c0 DEOPT PACKING pc=0x000002245427aadc sp=0x00000097594f8d70
Event: 33.397 Thread 0x000002244491f4c0 DEOPT UNPACKING pc=0x00000224539969a3 sp=0x00000097594f8d40 mode 2
Event: 33.495 Thread 0x000002244491f4c0 Uncommon trap: trap_request=0xffffff76 fr.pc=0x00000224541cf2b0 relative=0x00000000000002f0
Event: 33.495 Thread 0x000002244491f4c0 Uncommon trap: reason=predicate action=maybe_recompile pc=0x00000224541cf2b0 method=org.jetbrains.kotlin.resolve.OverridingUtil.filterOverrides(Ljava/util/Set;ZLkotlin/jvm/functions/Function0;Lkotlin/jvm/functions/Function2;)Ljava/util/Set; @ 63 c2
Event: 33.495 Thread 0x000002244491f4c0 DEOPT PACKING pc=0x00000224541cf2b0 sp=0x00000097594f5aa0
Event: 33.495 Thread 0x000002244491f4c0 DEOPT UNPACKING pc=0x00000224539969a3 sp=0x00000097594f5a70 mode 2
Event: 33.566 Thread 0x000002244491f4c0 DEOPT PACKING pc=0x000002244d59f9e2 sp=0x00000097594fb290
Event: 33.566 Thread 0x000002244491f4c0 DEOPT UNPACKING pc=0x0000022453997143 sp=0x00000097594fa7b0 mode 0
Event: 33.834 Thread 0x000002244491f4c0 DEOPT PACKING pc=0x000002244d7034d7 sp=0x00000097594f95d0
Event: 33.835 Thread 0x000002244491f4c0 DEOPT UNPACKING pc=0x0000022453997143 sp=0x00000097594f8ad8 mode 0

Classes unloaded (0 events):
No events

Classes redefined (0 events):
No events

Internal exceptions (20 events):
Event: 27.361 Thread 0x000002244491f4c0 Implicit null exception at 0x0000022454176805 to 0x000002245417be5c
Event: 27.361 Thread 0x000002244491f4c0 Implicit null exception at 0x0000022454176805 to 0x000002245417be5c
Event: 27.361 Thread 0x000002244491f4c0 Implicit null exception at 0x0000022454176805 to 0x000002245417be5c
Event: 27.361 Thread 0x000002244491f4c0 Implicit null exception at 0x0000022454176805 to 0x000002245417be5c
Event: 27.361 Thread 0x000002244491f4c0 Implicit null exception at 0x0000022454176805 to 0x000002245417be5c
Event: 27.361 Thread 0x000002244491f4c0 Implicit null exception at 0x0000022454176805 to 0x000002245417be5c
Event: 27.361 Thread 0x000002244491f4c0 Implicit null exception at 0x0000022454176805 to 0x000002245417be5c
Event: 27.361 Thread 0x000002244491f4c0 Implicit null exception at 0x0000022454176805 to 0x000002245417be5c
Event: 27.361 Thread 0x000002244491f4c0 Implicit null exception at 0x0000022454176805 to 0x000002245417be5c
Event: 27.361 Thread 0x000002244491f4c0 Implicit null exception at 0x0000022454176805 to 0x000002245417be5c
Event: 27.361 Thread 0x000002244491f4c0 Implicit null exception at 0x00000224541661c5 to 0x000002245416c398
Event: 27.366 Thread 0x000002244491f4c0 Implicit null exception at 0x0000022454181da7 to 0x0000022454182f74
Event: 28.187 Thread 0x000002244491f4c0 Exception <a 'java/lang/NoSuchMethodError'{0x00000000a9cfb280}: 'java.lang.Object java.lang.invoke.DirectMethodHandle$Holder.newInvokeSpecial(java.lang.Object, java.lang.Object, java.lang.Object, java.lang.Object, java.lang.Object, java.lang.Object, java.lang.Object)'> (0x00000000a9cfb280) 
thrown [s\src\hotspot\share\interpreter\linkResolver.cpp, line 759]
Event: 28.188 Thread 0x000002244491f4c0 Exception <a 'java/lang/NoSuchMethodError'{0x00000000a9a000d8}: 'java.lang.Object java.lang.invoke.Invokers$Holder.linkToTargetMethod(java.lang.Object, java.lang.Object, java.lang.Object, java.lang.Object, java.lang.Object, java.lang.Object, java.lang.Object)'> (0x00000000a9a000d8) 
thrown [s\src\hotspot\share\interpreter\linkResolver.cpp, line 759]
Event: 30.433 Thread 0x000002244491f4c0 Exception <a 'java/lang/NoSuchMethodError'{0x00000000a989c6c0}: 'java.lang.Object java.lang.invoke.DirectMethodHandle$Holder.invokeInterface(java.lang.Object, java.lang.Object, java.lang.Object)'> (0x00000000a989c6c0) 
thrown [s\src\hotspot\share\interpreter\linkResolver.cpp, line 759]
Event: 30.434 Thread 0x000002244491f4c0 Exception <a 'java/lang/IncompatibleClassChangeError'{0x00000000a98a0580}: Found class java.lang.Object, but interface was expected> (0x00000000a98a0580) 
thrown [s\src\hotspot\share\interpreter\linkResolver.cpp, line 826]
Event: 31.261 Thread 0x000002244491f4c0 Exception <a 'java/lang/NoSuchMethodError'{0x00000000a8d59b10}: 'int java.lang.invoke.DirectMethodHandle$Holder.invokeStaticInit(java.lang.Object, int)'> (0x00000000a8d59b10) 
thrown [s\src\hotspot\share\interpreter\linkResolver.cpp, line 759]
Event: 31.420 Thread 0x000002244491f4c0 Implicit null exception at 0x0000022453efabf2 to 0x0000022453efb1c0
Event: 31.451 Thread 0x000002244491f4c0 Implicit null exception at 0x0000022453efc172 to 0x0000022453efc750
Event: 32.944 Thread 0x000002244491f4c0 Exception <a 'java/lang/NoSuchMethodError'{0x00000000a93df330}: 'void java.lang.invoke.DirectMethodHandle$Holder.invokeStatic(java.lang.Object, java.lang.Object, java.lang.Object)'> (0x00000000a93df330) 
thrown [s\src\hotspot\share\interpreter\linkResolver.cpp, line 759]

VM Operations (20 events):
Event: 32.830 Executing VM operation: ICBufferFull done
Event: 32.963 Executing VM operation: HandshakeAllThreads
Event: 32.963 Executing VM operation: HandshakeAllThreads done
Event: 33.070 Executing VM operation: ICBufferFull
Event: 33.070 Executing VM operation: ICBufferFull done
Event: 33.327 Executing VM operation: ICBufferFull
Event: 33.327 Executing VM operation: ICBufferFull done
Event: 33.440 Executing VM operation: ICBufferFull
Event: 33.440 Executing VM operation: ICBufferFull done
Event: 33.505 Executing VM operation: HandshakeAllThreads
Event: 33.505 Executing VM operation: HandshakeAllThreads done
Event: 33.516 Executing VM operation: HandshakeAllThreads
Event: 33.516 Executing VM operation: HandshakeAllThreads done
Event: 33.614 Executing VM operation: ICBufferFull
Event: 33.615 Executing VM operation: ICBufferFull done
Event: 33.714 Executing VM operation: HandshakeAllThreads
Event: 33.724 Executing VM operation: HandshakeAllThreads done
Event: 33.759 Executing VM operation: ICBufferFull
Event: 33.761 Executing VM operation: ICBufferFull done
Event: 33.947 Executing VM operation: G1CollectForAllocation

Events (20 events):
Event: 30.844 Thread 0x0000022461d84ab0 flushing nmethod 0x000002244d72b090
Event: 30.844 Thread 0x0000022461d84ab0 flushing nmethod 0x000002244d72b490
Event: 30.844 Thread 0x0000022461d84ab0 flushing nmethod 0x000002244d72b910
Event: 30.844 Thread 0x0000022461d84ab0 flushing nmethod 0x000002244d72c310
Event: 30.844 Thread 0x0000022461d84ab0 flushing nmethod 0x000002244d72c990
Event: 30.844 Thread 0x0000022461d84ab0 flushing nmethod 0x000002244d72db90
Event: 31.266 loading class jdk/internal/math/FloatingDecimal$ASCIIToBinaryBuffer
Event: 31.271 loading class jdk/internal/math/FloatingDecimal$ASCIIToBinaryBuffer done
Event: 33.744 Thread 0x0000022461d84ab0 flushing nmethod 0x000002244ceb3410
Event: 33.747 Thread 0x0000022461d84ab0 flushing nmethod 0x000002244d08c990
Event: 33.747 Thread 0x0000022461d84ab0 flushing nmethod 0x000002244d092110
Event: 33.749 Thread 0x0000022461d84ab0 flushing nmethod 0x000002244d1cb290
Event: 33.755 Thread 0x0000022461d84ab0 flushing nmethod 0x000002244d4c3510
Event: 33.755 Thread 0x0000022461d84ab0 flushing nmethod 0x000002244d4cda90
Event: 33.755 Thread 0x0000022461d84ab0 flushing nmethod 0x000002244d505c10
Event: 33.755 Thread 0x0000022461d84ab0 flushing nmethod 0x000002244d509590
Event: 33.755 Thread 0x0000022461d84ab0 flushing nmethod 0x000002244d53b410
Event: 33.756 Thread 0x0000022461d84ab0 flushing nmethod 0x000002244d5e8090
Event: 33.828 loading class java/util/concurrent/locks/AbstractQueuedSynchronizer$Node
Event: 33.829 loading class java/util/concurrent/locks/AbstractQueuedSynchronizer$Node done


Dynamic libraries:
0x00007ff722f50000 - 0x00007ff722f5e000 	C:\Program Files\Microsoft\jdk-17.0.8.7-hotspot\bin\java.exe
0x00007ffca8ab0000 - 0x00007ffca8cc6000 	C:\WINDOWS\SYSTEM32\ntdll.dll
0x00007ffca8110000 - 0x00007ffca81d4000 	C:\WINDOWS\System32\KERNEL32.DLL
0x00007ffca6380000 - 0x00007ffca6727000 	C:\WINDOWS\System32\KERNELBASE.dll
0x00007ffca5e90000 - 0x00007ffca5fa1000 	C:\WINDOWS\System32\ucrtbase.dll
0x00007ffc831c0000 - 0x00007ffc831d7000 	C:\Program Files\Microsoft\jdk-17.0.8.7-hotspot\bin\jli.dll
0x00007ffc844e0000 - 0x00007ffc844fb000 	C:\Program Files\Microsoft\jdk-17.0.8.7-hotspot\bin\VCRUNTIME140.dll
0x00007ffca87d0000 - 0x00007ffca897e000 	C:\WINDOWS\System32\USER32.dll
0x00007ffca6190000 - 0x00007ffca61b6000 	C:\WINDOWS\System32\win32u.dll
0x00007ffca6930000 - 0x00007ffca6959000 	C:\WINDOWS\System32\GDI32.dll
0x00007ffca6260000 - 0x00007ffca6379000 	C:\WINDOWS\System32\gdi32full.dll
0x00007ffca61c0000 - 0x00007ffca625a000 	C:\WINDOWS\System32\msvcp_win.dll
0x00007ffc88940000 - 0x00007ffc88bd3000 	C:\WINDOWS\WinSxS\amd64_microsoft.windows.common-controls_6595b64144ccf1df_6.0.22621.3235_none_270f74e173860f98\COMCTL32.dll
0x00007ffca8720000 - 0x00007ffca87c7000 	C:\WINDOWS\System32\msvcrt.dll
0x00007ffca86c0000 - 0x00007ffca86f1000 	C:\WINDOWS\System32\IMM32.DLL
0x00007ffc99aa0000 - 0x00007ffc99aac000 	C:\Program Files\Microsoft\jdk-17.0.8.7-hotspot\bin\vcruntime140_1.dll
0x00007ffc40380000 - 0x00007ffc4040d000 	C:\Program Files\Microsoft\jdk-17.0.8.7-hotspot\bin\msvcp140.dll
0x00007ffc0b8d0000 - 0x00007ffc0c535000 	C:\Program Files\Microsoft\jdk-17.0.8.7-hotspot\bin\server\jvm.dll
0x00007ffca77f0000 - 0x00007ffca78a2000 	C:\WINDOWS\System32\ADVAPI32.dll
0x00007ffca6ac0000 - 0x00007ffca6b68000 	C:\WINDOWS\System32\sechost.dll
0x00007ffca6730000 - 0x00007ffca6758000 	C:\WINDOWS\System32\bcrypt.dll
0x00007ffca76d0000 - 0x00007ffca77e5000 	C:\WINDOWS\System32\RPCRT4.dll
0x00007ffca5ca0000 - 0x00007ffca5ced000 	C:\WINDOWS\SYSTEM32\POWRPROF.dll
0x00007ffc9e740000 - 0x00007ffc9e774000 	C:\WINDOWS\SYSTEM32\WINMM.dll
0x00007ffc9e840000 - 0x00007ffc9e84a000 	C:\WINDOWS\SYSTEM32\VERSION.dll
0x00007ffc8e6e0000 - 0x00007ffc8e6e9000 	C:\WINDOWS\SYSTEM32\WSOCK32.dll
0x00007ffca6ff0000 - 0x00007ffca7061000 	C:\WINDOWS\System32\WS2_32.dll
0x00007ffca5bd0000 - 0x00007ffca5be3000 	C:\WINDOWS\SYSTEM32\UMPDC.dll
0x00007ffca4e20000 - 0x00007ffca4e38000 	C:\WINDOWS\SYSTEM32\kernel.appcore.dll
0x00007ffc84770000 - 0x00007ffc8477a000 	C:\Program Files\Microsoft\jdk-17.0.8.7-hotspot\bin\jimage.dll
0x00007ffca3850000 - 0x00007ffca3a83000 	C:\WINDOWS\SYSTEM32\DBGHELP.DLL
0x00007ffca7070000 - 0x00007ffca73f8000 	C:\WINDOWS\System32\combase.dll
0x00007ffca85e0000 - 0x00007ffca86b7000 	C:\WINDOWS\System32\OLEAUT32.dll
0x00007ffc93390000 - 0x00007ffc933c2000 	C:\WINDOWS\SYSTEM32\dbgcore.DLL
0x00007ffca6760000 - 0x00007ffca67d9000 	C:\WINDOWS\System32\bcryptPrimitives.dll
0x00007ffc7ae60000 - 0x00007ffc7ae85000 	C:\Program Files\Microsoft\jdk-17.0.8.7-hotspot\bin\java.dll
0x00007ffc2ab50000 - 0x00007ffc2ac27000 	C:\Program Files\Microsoft\jdk-17.0.8.7-hotspot\bin\jsvml.dll
0x00007ffca78b0000 - 0x00007ffca810c000 	C:\WINDOWS\System32\SHELL32.dll
0x00007ffca3d50000 - 0x00007ffca4649000 	C:\WINDOWS\SYSTEM32\windows.storage.dll
0x00007ffca3c10000 - 0x00007ffca3d4e000 	C:\WINDOWS\SYSTEM32\wintypes.dll
0x00007ffca75d0000 - 0x00007ffca76c3000 	C:\WINDOWS\System32\SHCORE.dll
0x00007ffca6880000 - 0x00007ffca68de000 	C:\WINDOWS\System32\shlwapi.dll
0x00007ffca5d00000 - 0x00007ffca5d21000 	C:\WINDOWS\SYSTEM32\profapi.dll
0x00007ffc7b970000 - 0x00007ffc7b989000 	C:\Program Files\Microsoft\jdk-17.0.8.7-hotspot\bin\net.dll
0x00007ffc9e600000 - 0x00007ffc9e736000 	C:\WINDOWS\SYSTEM32\WINHTTP.dll
0x00007ffca5290000 - 0x00007ffca52f9000 	C:\WINDOWS\system32\mswsock.dll
0x00007ffc7b580000 - 0x00007ffc7b596000 	C:\Program Files\Microsoft\jdk-17.0.8.7-hotspot\bin\nio.dll
0x00007ffc7aeb0000 - 0x00007ffc7aec8000 	C:\Program Files\Microsoft\jdk-17.0.8.7-hotspot\bin\zip.dll
0x00007ffc831b0000 - 0x00007ffc831c0000 	C:\Program Files\Microsoft\jdk-17.0.8.7-hotspot\bin\verify.dll

dbghelp: loaded successfully - version: 4.0.5 - missing functions: none
symbol engine: initialized successfully - sym options: 0x614 - pdb path: .;C:\Program Files\Microsoft\jdk-17.0.8.7-hotspot\bin;C:\WINDOWS\SYSTEM32;C:\WINDOWS\WinSxS\amd64_microsoft.windows.common-controls_6595b64144ccf1df_6.0.22621.3235_none_270f74e173860f98;C:\Program Files\Microsoft\jdk-17.0.8.7-hotspot\bin\server

VM Arguments:
java_command: org.jetbrains.kotlin.cli.jvm.K2JVMCompiler @D:\work\onemonth\native\deco\node_modules\react-native-screens\android\build\20240402_15600773816081179199.compiler.options
java_class_path (initial): C:\Users\amalk\.gradle\caches\modules-2\files-2.1\org.jetbrains.kotlin\kotlin-compiler-embeddable\1.8.0\eb9118d4bcceaa2a94b2ae2a33a4ddba7c9a947f\kotlin-compiler-embeddable-1.8.0.jar;C:\Users\amalk\.gradle\caches\modules-2\files-2.1\org.jetbrains.kotlin\kotlin-stdlib\1.8.0\1796921c7a3e2e2665a83e6c8d33399336cd39bc\kotlin-stdlib-1.8.0.jar;C:\Users\amalk\.gradle\caches\modules-2\files-2.1\org.jetbrains.kotlin\kotlin-script-runtime\1.8.0\b2f7e760d283cb339974851c222a4c1d48f2d3d\kotlin-script-runtime-1.8.0.jar;C:\Users\amalk\.gradle\caches\modules-2\files-2.1\org.jetbrains.kotlin\kotlin-reflect\1.6.10\1cbe9c92c12a94eea200d23c2bbaedaf3daf5132\kotlin-reflect-1.6.10.jar;C:\Users\amalk\.gradle\caches\modules-2\files-2.1\org.jetbrains.kotlin\kotlin-daemon-embeddable\1.8.0\d255216c551685dc3a7e852b53617f5f01aaaa5c\kotlin-daemon-embeddable-1.8.0.jar;C:\Users\amalk\.gradle\caches\modules-2\files-2.1\org.jetbrains.intellij.deps\trove4j\1.0.20200330\3afb14d5f9ceb459d724e907a21145e8ff394f02\trove4j-1.0.20200330.jar;C:\Users\amalk\.gradle\caches\modules-2\files-2.1\net.java.dev.jna\jna\5.6.0\330f2244e9030119ab3030fc3fededc86713d9cc\jna-5.6.0.jar;C:\Users\amalk\.gradle\caches\modules-2\files-2.1\org.jetbrains.kotlin\kotlin-stdlib-common\1.8.0\f7197e7cc76453ac59f8b0f8d5137cc600becd36\kotlin-stdlib-common-1.8.0.jar;C:\Users\amalk\.gradle\caches\modules-2\files-2.1\org.jetbrains\annotations\13.0\919f0dfe192fb4e063e7dacadee7f8bb9a2672a9\annotations-13.0.jar
Launcher Type: SUN_STANDARD

[Global flags]
     intx CICompilerCount                          = 4                                         {product} {ergonomic}
     uint ConcGCThreads                            = 3                                         {product} {ergonomic}
     uint G1ConcRefinementThreads                  = 10                                        {product} {ergonomic}
   size_t G1HeapRegionSize                         = 1048576                                   {product} {ergonomic}
    uintx GCDrainStackTargetSize                   = 64                                        {product} {ergonomic}
   size_t InitialHeapSize                          = 98566144                                  {product} {ergonomic}
   size_t MarkStackSize                            = 4194304                                   {product} {ergonomic}
   size_t MaxHeapSize                              = 1574961152                                {product} {ergonomic}
   size_t MaxNewSize                               = 944766976                                 {product} {ergonomic}
   size_t MinHeapDeltaBytes                        = 1048576                                   {product} {ergonomic}
   size_t MinHeapSize                              = 8388608                                   {product} {ergonomic}
    uintx NonNMethodCodeHeapSize                   = 5839372                                {pd product} {ergonomic}
    uintx NonProfiledCodeHeapSize                  = 122909434                              {pd product} {ergonomic}
    uintx ProfiledCodeHeapSize                     = 122909434                              {pd product} {ergonomic}
    uintx ReservedCodeCacheSize                    = 251658240                              {pd product} {ergonomic}
     bool SegmentedCodeCache                       = true                                      {product} {ergonomic}
   size_t SoftMaxHeapSize                          = 1574961152                             {manageable} {ergonomic}
     bool UseCompressedClassPointers               = true                           {product lp64_product} {ergonomic}
     bool UseCompressedOops                        = true                           {product lp64_product} {ergonomic}
     bool UseG1GC                                  = true                                      {product} {ergonomic}
     bool UseLargePagesIndividualAllocation        = false                                  {pd product} {ergonomic}

Logging:
Log output configuration:
 #0: stdout all=warning uptime,level,tags
 #1: stderr all=off uptime,level,tags

Environment Variables:
JAVA_HOME=C:\Program Files\Microsoft\jdk-17.0.8.7-hotspot\
CLASSPATH=D:\work\onemonth\native\deco\android\\gradle\wrapper\gradle-wrapper.jar
PATH=D:\work\onemonth\native\deco\node_modules\.bin;D:\work\onemonth\native\deco\node_modules\.bin;D:\work\onemonth\native\node_modules\.bin;D:\work\onemonth\node_modules\.bin;D:\work\node_modules\.bin;D:\node_modules\.bin;C:\Users\amalk\AppData\Roaming\npm\node_modules\npm\node_modules\@npmcli\run-script\lib\node-gyp-bin;C:\Program Files\Microsoft\jdk-17.0.8.7-hotspot\bin;C:\Program Files\Microsoft\jdk-11.0.20.8-hotspot\bin;C:\Program Files\Common Files\Oracle\Java\javapath;C:\Program Files (x86)\Common Files\Oracle\Java\javapath;C:\WINDOWS\system32;C:\WINDOWS;C:\WINDOWS\System32\Wbem;C:\WINDOWS\System32\WindowsPowerShell\v1.0\;C:\WINDOWS\System32\OpenSSH\;C:\Users\amalk\Downloads\mingw-w64-bin_x86_64-mingw_20111101_sezero\mingw64\bin;C:\Program Files\Git\cmd;C:\ProgramData\chocolatey\bin;C:\Program Files\PostgreSQL\16\bin;C:\Program Files\Microsoft\jdk-17.0.8.7-hotspot\\bin;C:\Program Files\nodejs\;C:\Users\amalk\AppData\Local\Programs\Python\Python311\Scripts\;C:\Users\amalk\AppData\Local\Programs\Python\Python311\;C:\Users\amalk\AppData\Local\Microsoft\WindowsApps;;C:\Users\amalk\AppData\Local\Programs\Microsoft VS Code\bin;C:\Users\amalk\AppData\Roaming\npm
USERNAME=amalk
LANG=en_US.UTF-8
OS=Windows_NT
PROCESSOR_IDENTIFIER=AMD64 Family 23 Model 104 Stepping 1, AuthenticAMD
TMP=C:\Users\amalk\AppData\Local\Temp
TEMP=C:\Users\amalk\AppData\Local\Temp



---------------  S Y S T E M  ---------------

OS:
 Windows 11 , 64 bit Build 22621 (10.0.22621.3374)
OS uptime: 0 days 6:19 hours

CPU: total 12 (initial active 12) (12 cores per cpu, 2 threads per core) family 23 model 104 stepping 1 microcode 0x0, cx8, cmov, fxsr, ht, mmx, 3dnowpref, sse, sse2, sse3, ssse3, sse4a, sse4.1, sse4.2, popcnt, lzcnt, tsc, tscinvbit, avx, avx2, aes, clmul, bmi1, bmi2, adx, sha, fma, vzeroupper, clflush, clflushopt
Processor Information for all 12 processors :
  Max Mhz: 2100, Current Mhz: 1893, Mhz Limit: 2100

Memory: 4k page, system-wide physical 6005M (161M free)
TotalPageFile size 24437M (AvailPageFile size 81M)
current process WorkingSet (physical memory assigned to process): 260M, peak: 262M
current process commit charge ("private bytes"): 349M, peak: 513M

vm_info: OpenJDK 64-Bit Server VM (17.0.8+7-LTS) for windows-amd64 JRE (17.0.8+7-LTS), built on Jul  7 2023 17:21:55 by "MicrosoftCorporation" with MS VC++ 16.10 / 16.11 (VS2019)

END.
